  BattleScene.cpp
C:\Users\psh95\Desktop\상현\GameAcademy\Porfolio2\Portfolio2\Portfolio2\Portfolio2\BattleScene.cpp(37,71): warning C4244: '인수': 'int'에서 'float'(으)로 변환하면서 데이터가 손실될 수 있습니다.
C:\Users\psh95\Desktop\상현\GameAcademy\Porfolio2\Portfolio2\Portfolio2\Portfolio2\BattleScene.cpp(37,59): warning C4244: '인수': 'int'에서 'float'(으)로 변환하면서 데이터가 손실될 수 있습니다.
C:\Users\psh95\Desktop\상현\GameAcademy\Porfolio2\Portfolio2\Portfolio2\Portfolio2\BattleScene.cpp(119,185): warning C4244: '인수': 'float'에서 'int'(으)로 변환하면서 데이터가 손실될 수 있습니다.
C:\Users\psh95\Desktop\상현\GameAcademy\Porfolio2\Portfolio2\Portfolio2\Portfolio2\BattleScene.cpp(121,186): warning C4244: '인수': 'float'에서 'int'(으)로 변환하면서 데이터가 손실될 수 있습니다.
C:\Users\psh95\Desktop\상현\GameAcademy\Porfolio2\Portfolio2\Portfolio2\Portfolio2\BattleScene.cpp(138,185): warning C4244: '인수': 'float'에서 'int'(으)로 변환하면서 데이터가 손실될 수 있습니다.
C:\Users\psh95\Desktop\상현\GameAcademy\Porfolio2\Portfolio2\Portfolio2\Portfolio2\BattleScene.cpp(140,186): warning C4244: '인수': 'float'에서 'int'(으)로 변환하면서 데이터가 손실될 수 있습니다.
C:\Users\psh95\Desktop\상현\GameAcademy\Porfolio2\Portfolio2\Portfolio2\Portfolio2\BattleScene.cpp(178,105): warning C4244: '인수': 'double'에서 'int'(으)로 변환하면서 데이터가 손실될 수 있습니다.
C:\Users\psh95\Desktop\상현\GameAcademy\Porfolio2\Portfolio2\Portfolio2\Portfolio2\BattleScene.cpp(178,50): warning C4244: '인수': 'double'에서 'int'(으)로 변환하면서 데이터가 손실될 수 있습니다.
C:\Users\psh95\Desktop\상현\GameAcademy\Porfolio2\Portfolio2\Portfolio2\Portfolio2\BattleScene.cpp(177,127): warning C4244: '인수': 'double'에서 'int'(으)로 변환하면서 데이터가 손실될 수 있습니다.
C:\Users\psh95\Desktop\상현\GameAcademy\Porfolio2\Portfolio2\Portfolio2\Portfolio2\BattleScene.cpp(181,61): warning C4244: '인수': 'double'에서 'int'(으)로 변환하면서 데이터가 손실될 수 있습니다.
C:\Users\psh95\Desktop\상현\GameAcademy\Porfolio2\Portfolio2\Portfolio2\Portfolio2\BattleScene.cpp(180,130): warning C4244: '인수': 'double'에서 'int'(으)로 변환하면서 데이터가 손실될 수 있습니다.
C:\Users\psh95\Desktop\상현\GameAcademy\Porfolio2\Portfolio2\Portfolio2\Portfolio2\BattleScene.cpp(182,14): warning C4244: '초기화 중': 'double'에서 'int'(으)로 변환하면서 데이터가 손실될 수 있습니다.
C:\Users\psh95\Desktop\상현\GameAcademy\Porfolio2\Portfolio2\Portfolio2\Portfolio2\BattleScene.cpp(183,14): warning C4244: '초기화 중': 'double'에서 'int'(으)로 변환하면서 데이터가 손실될 수 있습니다.
C:\Users\psh95\Desktop\상현\GameAcademy\Porfolio2\Portfolio2\Portfolio2\Portfolio2\BattleScene.cpp(191,50): warning C4244: '인수': 'double'에서 'int'(으)로 변환하면서 데이터가 손실될 수 있습니다.
C:\Users\psh95\Desktop\상현\GameAcademy\Porfolio2\Portfolio2\Portfolio2\Portfolio2\BattleScene.cpp(194,61): warning C4244: '인수': 'double'에서 'int'(으)로 변환하면서 데이터가 손실될 수 있습니다.
C:\Users\psh95\Desktop\상현\GameAcademy\Porfolio2\Portfolio2\Portfolio2\Portfolio2\BattleScene.cpp(200,119): warning C4244: '인수': 'double'에서 'int'(으)로 변환하면서 데이터가 손실될 수 있습니다.
C:\Users\psh95\Desktop\상현\GameAcademy\Porfolio2\Portfolio2\Portfolio2\Portfolio2\BattleScene.cpp(199,165): warning C4244: '인수': 'double'에서 'int'(으)로 변환하면서 데이터가 손실될 수 있습니다.
C:\Users\psh95\Desktop\상현\GameAcademy\Porfolio2\Portfolio2\Portfolio2\Portfolio2\BattleScene.cpp(203,123): warning C4244: '인수': 'double'에서 'int'(으)로 변환하면서 데이터가 손실될 수 있습니다.
C:\Users\psh95\Desktop\상현\GameAcademy\Porfolio2\Portfolio2\Portfolio2\Portfolio2\BattleScene.cpp(202,161): warning C4244: '인수': 'double'에서 'int'(으)로 변환하면서 데이터가 손실될 수 있습니다.
C:\Users\psh95\Desktop\상현\GameAcademy\Porfolio2\Portfolio2\Portfolio2\Portfolio2\BattleScene.cpp(206,61): warning C4244: '인수': 'double'에서 'int'(으)로 변환하면서 데이터가 손실될 수 있습니다.
C:\Users\psh95\Desktop\상현\GameAcademy\Porfolio2\Portfolio2\Portfolio2\Portfolio2\BattleScene.cpp(205,100): warning C4244: '인수': 'double'에서 'int'(으)로 변환하면서 데이터가 손실될 수 있습니다.
  SceneManager.cpp
C:\Users\psh95\Desktop\상현\GameAcademy\Porfolio2\Portfolio2\Portfolio2\Portfolio2\SceneManager.cpp(102,59): warning C4244: '인수': 'float'에서 'BYTE'(으)로 변환하면서 데이터가 손실될 수 있습니다.
C:\Users\psh95\Desktop\상현\GameAcademy\Porfolio2\Portfolio2\Portfolio2\Portfolio2\SceneManager.cpp(107,59): warning C4244: '인수': 'float'에서 'BYTE'(으)로 변환하면서 데이터가 손실될 수 있습니다.
C:\Users\psh95\Desktop\상현\GameAcademy\Porfolio2\Portfolio2\Portfolio2\Portfolio2\SceneManager.cpp(112,59): warning C4244: '인수': 'float'에서 'BYTE'(으)로 변환하면서 데이터가 손실될 수 있습니다.
C:\Users\psh95\Desktop\상현\GameAcademy\Porfolio2\Portfolio2\Portfolio2\Portfolio2\SceneManager.cpp(117,59): warning C4244: '인수': 'float'에서 'BYTE'(으)로 변환하면서 데이터가 손실될 수 있습니다.
C:\Users\psh95\Desktop\상현\GameAcademy\Porfolio2\Portfolio2\Portfolio2\Portfolio2\SceneManager.cpp(122,78): warning C4244: '인수': 'float'에서 'BYTE'(으)로 변환하면서 데이터가 손실될 수 있습니다.
C:\Users\psh95\Desktop\상현\GameAcademy\Porfolio2\Portfolio2\Portfolio2\Portfolio2\SceneManager.cpp(127,78): warning C4244: '인수': 'float'에서 'BYTE'(으)로 변환하면서 데이터가 손실될 수 있습니다.
  TurnSystem2.cpp
C:\Users\psh95\Desktop\상현\GameAcademy\Porfolio2\Portfolio2\Portfolio2\Portfolio2\TurnSystem2.cpp(550,20): warning C4018: '<': signed 또는 unsigned가 일치하지 않습니다.
C:\Users\psh95\Desktop\상현\GameAcademy\Porfolio2\Portfolio2\Portfolio2\Portfolio2\TurnSystem2.cpp(552,25): warning C4018: '<': signed 또는 unsigned가 일치하지 않습니다.
  코드를 생성하고 있습니다...
C:\Users\psh95\Desktop\상현\GameAcademy\Porfolio2\Portfolio2\Portfolio2\Portfolio2\TurnSystem2.cpp(532): warning C4715: 'TurnSystem2::findCharacter': 모든 제어 경로에서 값을 반환하지는 않습니다.
  Portfolio2.vcxproj -> C:\Users\psh95\Desktop\상현\GameAcademy\Porfolio2\Portfolio2\Portfolio2\Debug\Portfolio2.exe
